* using log directory 'C:/Users/stkothe/Documents/R/cmsafGitHub/cmsafvis.Rcheck'
* using R version 4.3.1 (2023-06-16 ucrt)
* using platform: x86_64-w64-mingw32 (64-bit)
* R was compiled by
    gcc.exe (GCC) 12.2.0
    GNU Fortran (GCC) 12.2.0
* running under: Windows 10 x64 (build 14393)
* using session charset: ISO8859-1
* using options '--no-manual --as-cran'
* checking for file 'cmsafvis/DESCRIPTION' ... OK
* this is package 'cmsafvis' version '1.1.17'
* package encoding: UTF-8
* checking package namespace information ... OK
* checking package dependencies ... OK
* checking if this is a source package ... OK
* checking if there is a namespace ... OK
* checking for executable files ... OK
* checking for hidden files and directories ... OK
* checking for portable file names ... OK
* checking whether package 'cmsafvis' can be installed ... [19s] OK
* checking installed package size ... OK
* checking package directory ... OK
* checking for future file timestamps ... NOTE
unable to verify current time
* checking DESCRIPTION meta-information ... OK
* checking top-level files ... OK
* checking for left-over files ... OK
* checking index information ... OK
* checking package subdirectories ... OK
* checking R files for non-ASCII characters ... OK
* checking R files for syntax errors ... OK
* checking whether the package can be loaded ... OK
* checking whether the package can be loaded with stated dependencies ... OK
* checking whether the package can be unloaded cleanly ... OK
* checking whether the namespace can be loaded with stated dependencies ... OK
* checking whether the namespace can be unloaded cleanly ... OK
* checking loading without being on the library search path ... OK
* checking dependencies in R code ... NOTE
'::' oder ':::' importieren unangemeldet aus:
  'FNN' 'plotKML' 'rainfarmr' 'rnaturalearth'
Fehlende oder nicht exportierte Objekte:
  'cmsafops::check_infile' 'cmsafops::check_variable'
* checking S3 generic/method consistency ... OK
* checking replacement functions ... OK
* checking foreign function calls ... OK
* checking R code for possible problems ... [71s] OK
* checking Rd files ... OK
* checking Rd metadata ... OK
* checking Rd line widths ... OK
* checking Rd cross-references ... OK
* checking for missing documentation entries ... OK
* checking for code/documentation mismatches ... OK
* checking Rd \usage sections ... WARNING
Undokumentierte Argumente im Dokumentations-Objekt 'quicklook'
  'maxpixels'

Functions with \usage entries need to have the appropriate \alias
entries, and all their arguments documented.
The \usage entries must correspond to syntactically valid R code.
See chapter 'Writing R documentation files' in the 'Writing R
Extensions' manual.
* checking Rd contents ... OK
* checking for unstated dependencies in examples ... OK
* checking R/sysdata.rda ... OK
* checking examples ... NONE
* checking for unstated dependencies in 'tests' ... WARNING
Warnung: kann nicht auf den Index für das Repository https://CRAN.R-project.org/src/contrib zugreifen:
  kann URL 'https://CRAN.R-project.org/src/contrib/PACKAGES' nicht öffnen
Warnung: kann nicht auf den Index für das Repository https://bioconductor.org/packages/3.17/bioc/src/contrib zugreifen:
  kann URL 'https://bioconductor.org/packages/3.17/bioc/src/contrib/PACKAGES' nicht öffnen
Warnung: kann nicht auf den Index für das Repository https://bioconductor.org/packages/3.17/data/annotation/src/contrib zugreifen:
  kann URL 'https://bioconductor.org/packages/3.17/data/annotation/src/contrib/PACKAGES' nicht öffnen
Warnung: kann nicht auf den Index für das Repository https://bioconductor.org/packages/3.17/data/experiment/src/contrib zugreifen:
  kann URL 'https://bioconductor.org/packages/3.17/data/experiment/src/contrib/PACKAGES' nicht öffnen
* checking tests ... OK
  Running 'spelling.R'
  Running 'testthat.R'
* checking for non-standard things in the check directory ... OK
* checking for detritus in the temp directory ... OK
* DONE
Status: 2 WARNINGs, 2 NOTEs
